0 info it worked if it ends with ok
1 verbose cli [ '/usr/local/Cellar/node/7.4.0/bin/node',
1 verbose cli   '/usr/local/bin/npm',
1 verbose cli   'install',
1 verbose cli   '-g',
1 verbose cli   'ios-deploy' ]
2 info using npm@4.0.5
3 info using node@v7.4.0
4 silly loadCurrentTree Starting
5 silly install loadCurrentTree
6 silly install readGlobalPackageData
7 silly fetchPackageMetaData ios-deploy
8 silly fetchNamedPackageData ios-deploy
9 silly mapToRegistry name ios-deploy
10 silly mapToRegistry using default registry
11 silly mapToRegistry registry https://registry.npmjs.org/
12 silly mapToRegistry data Result {
12 silly mapToRegistry   raw: 'ios-deploy',
12 silly mapToRegistry   scope: null,
12 silly mapToRegistry   escapedName: 'ios-deploy',
12 silly mapToRegistry   name: 'ios-deploy',
12 silly mapToRegistry   rawSpec: '',
12 silly mapToRegistry   spec: 'latest',
12 silly mapToRegistry   type: 'tag' }
13 silly mapToRegistry uri https://registry.npmjs.org/ios-deploy
14 verbose request uri https://registry.npmjs.org/ios-deploy
15 verbose request no auth needed
16 info attempt registry request try #1 at 10:43:38 AM
17 verbose request id 1d96269ceb406291
18 verbose etag W/"58042da1-9e49"
19 verbose lastModified Mon, 17 Oct 2016 01:47:13 GMT
20 http request GET https://registry.npmjs.org/ios-deploy
21 http 200 https://registry.npmjs.org/ios-deploy
22 verbose headers { server: 'nginx/1.10.1',
22 verbose headers   'content-type': 'application/json',
22 verbose headers   'last-modified': 'Sat, 04 Feb 2017 22:21:26 GMT',
22 verbose headers   etag: 'W/"589653e6-a556"',
22 verbose headers   'content-encoding': 'gzip',
22 verbose headers   'cache-control': 'max-age=300',
22 verbose headers   'content-length': '6437',
22 verbose headers   'accept-ranges': 'bytes',
22 verbose headers   date: 'Mon, 06 Feb 2017 02:43:38 GMT',
22 verbose headers   via: '1.1 varnish',
22 verbose headers   age: '0',
22 verbose headers   connection: 'keep-alive',
22 verbose headers   'x-served-by': 'cache-hkg6826-HKG',
22 verbose headers   'x-cache': 'HIT',
22 verbose headers   'x-cache-hits': '1',
22 verbose headers   'x-timer': 'S1486349018.545152,VS0,VE184',
22 verbose headers   vary: 'Accept-Encoding' }
23 silly get cb [ 200,
23 silly get   { server: 'nginx/1.10.1',
23 silly get     'content-type': 'application/json',
23 silly get     'last-modified': 'Sat, 04 Feb 2017 22:21:26 GMT',
23 silly get     etag: 'W/"589653e6-a556"',
23 silly get     'content-encoding': 'gzip',
23 silly get     'cache-control': 'max-age=300',
23 silly get     'content-length': '6437',
23 silly get     'accept-ranges': 'bytes',
23 silly get     date: 'Mon, 06 Feb 2017 02:43:38 GMT',
23 silly get     via: '1.1 varnish',
23 silly get     age: '0',
23 silly get     connection: 'keep-alive',
23 silly get     'x-served-by': 'cache-hkg6826-HKG',
23 silly get     'x-cache': 'HIT',
23 silly get     'x-cache-hits': '1',
23 silly get     'x-timer': 'S1486349018.545152,VS0,VE184',
23 silly get     vary: 'Accept-Encoding' } ]
24 verbose get saving ios-deploy to /Users/Pharz/.npm/registry.npmjs.org/ios-deploy/.cache.json
25 verbose correctMkdir /Users/Pharz/.npm correctMkdir not in flight; initializing
26 silly install normalizeTree
27 silly loadCurrentTree Finishing
28 silly loadIdealTree Starting
29 silly install loadIdealTree
30 silly cloneCurrentTree Starting
31 silly install cloneCurrentTreeToIdealTree
32 silly cloneCurrentTree Finishing
33 silly loadShrinkwrap Starting
34 silly install loadShrinkwrap
35 silly loadShrinkwrap Finishing
36 silly loadAllDepsIntoIdealTree Starting
37 silly install loadAllDepsIntoIdealTree
38 silly resolveWithNewModule ios-deploy@1.9.1 checking installable status
39 silly cache add args [ 'ios-deploy', null ]
40 verbose cache add spec ios-deploy
41 silly cache add parsed spec Result {
41 silly cache add   raw: 'ios-deploy',
41 silly cache add   scope: null,
41 silly cache add   escapedName: 'ios-deploy',
41 silly cache add   name: 'ios-deploy',
41 silly cache add   rawSpec: '',
41 silly cache add   spec: 'latest',
41 silly cache add   type: 'tag' }
42 silly addNamed ios-deploy@latest
43 verbose addNamed "latest" is being treated as a dist-tag for ios-deploy
44 info addNameTag [ 'ios-deploy', 'latest' ]
45 silly mapToRegistry name ios-deploy
46 silly mapToRegistry using default registry
47 silly mapToRegistry registry https://registry.npmjs.org/
48 silly mapToRegistry data Result {
48 silly mapToRegistry   raw: 'ios-deploy',
48 silly mapToRegistry   scope: null,
48 silly mapToRegistry   escapedName: 'ios-deploy',
48 silly mapToRegistry   name: 'ios-deploy',
48 silly mapToRegistry   rawSpec: '',
48 silly mapToRegistry   spec: 'latest',
48 silly mapToRegistry   type: 'tag' }
49 silly mapToRegistry uri https://registry.npmjs.org/ios-deploy
50 verbose addNameTag registry:https://registry.npmjs.org/ios-deploy not in flight; fetching
51 verbose get https://registry.npmjs.org/ios-deploy not expired, no request
52 silly addNameTag next cb for ios-deploy with tag latest
53 silly addNamed ios-deploy@1.9.1
54 verbose addNamed "1.9.1" is a plain semver version for ios-deploy
55 silly mapToRegistry name ios-deploy
56 silly mapToRegistry using default registry
57 silly mapToRegistry registry https://registry.npmjs.org/
58 silly mapToRegistry data Result {
58 silly mapToRegistry   raw: 'ios-deploy',
58 silly mapToRegistry   scope: null,
58 silly mapToRegistry   escapedName: 'ios-deploy',
58 silly mapToRegistry   name: 'ios-deploy',
58 silly mapToRegistry   rawSpec: '',
58 silly mapToRegistry   spec: 'latest',
58 silly mapToRegistry   type: 'tag' }
59 silly mapToRegistry uri https://registry.npmjs.org/ios-deploy
60 verbose addRemoteTarball https://registry.npmjs.org/ios-deploy/-/ios-deploy-1.9.1.tgz not in flight; adding
61 verbose addRemoteTarball [ 'https://registry.npmjs.org/ios-deploy/-/ios-deploy-1.9.1.tgz',
61 verbose addRemoteTarball   'e7dec9508bb464a1f2d546bb07fada41d2708e66' ]
62 info retry fetch attempt 1 at 10:43:38 AM
63 info attempt registry request try #1 at 10:43:38 AM
64 http fetch GET https://registry.npmjs.org/ios-deploy/-/ios-deploy-1.9.1.tgz
65 http fetch 200 https://registry.npmjs.org/ios-deploy/-/ios-deploy-1.9.1.tgz
66 silly fetchAndShaCheck shasum e7dec9508bb464a1f2d546bb07fada41d2708e66
67 verbose addTmpTarball /var/folders/rm/f_bxx2mx16v6dcrsk6l_7y000000gn/T/npm-2489-43605759/registry.npmjs.org/ios-deploy/-/ios-deploy-1.9.1.tgz not in flight; adding
68 verbose addTmpTarball already have metadata; skipping unpack for ios-deploy@1.9.1
69 verbose correctMkdir /Users/Pharz/.npm correctMkdir not in flight; initializing
70 silly cache afterAdd ios-deploy@1.9.1
71 verbose afterAdd /Users/Pharz/.npm/ios-deploy/1.9.1/package/package.json not in flight; writing
72 verbose correctMkdir /Users/Pharz/.npm correctMkdir not in flight; initializing
73 verbose afterAdd /Users/Pharz/.npm/ios-deploy/1.9.1/package/package.json written
74 silly loadAllDepsIntoIdealTree Finishing
75 silly loadIdealTree Finishing
76 silly currentTree lib
77 silly idealTree lib
77 silly idealTree └── ios-deploy@1.9.1
78 silly generateActionsToTake Starting
79 silly install generateActionsToTake
80 silly generateActionsToTake Finishing
81 silly diffTrees action count 1
82 silly diffTrees add ios-deploy@1.9.1
83 silly decomposeActions action count 8
84 silly decomposeActions fetch ios-deploy@1.9.1
85 silly decomposeActions extract ios-deploy@1.9.1
86 silly decomposeActions test ios-deploy@1.9.1
87 silly decomposeActions preinstall ios-deploy@1.9.1
88 silly decomposeActions build ios-deploy@1.9.1
89 silly decomposeActions install ios-deploy@1.9.1
90 silly decomposeActions postinstall ios-deploy@1.9.1
91 silly decomposeActions finalize ios-deploy@1.9.1
92 silly runTopLevelLifecycles Starting
93 silly executeActions Starting
94 silly install executeActions
95 silly doSerial global-install 0
96 silly doParallel fetch 1
97 verbose correctMkdir /Users/Pharz/.npm/_locks correctMkdir not in flight; initializing
98 verbose lock using /Users/Pharz/.npm/_locks/staging-3a08f0df5026584d.lock for /usr/local/lib/node_modules/.staging
99 silly doParallel extract 1
100 silly extract ios-deploy@1.9.1
101 verbose unbuild lib/node_modules/.staging/ios-deploy-298c9491
102 silly gentlyRm /usr/local/lib/node_modules/.staging/ios-deploy-298c9491 is being purged from base /usr/local
103 verbose gentlyRm don't care about contents; nuking /usr/local/lib/node_modules/.staging/ios-deploy-298c9491
104 verbose tar unpack /Users/Pharz/.npm/ios-deploy/1.9.1/package.tgz
105 verbose tar unpacking to /usr/local/lib/node_modules/.staging/ios-deploy-298c9491
106 silly gentlyRm /usr/local/lib/node_modules/.staging/ios-deploy-298c9491 is being purged
107 verbose gentlyRm don't care about contents; nuking /usr/local/lib/node_modules/.staging/ios-deploy-298c9491
108 silly gunzTarPerm modes [ '755', '644' ]
109 silly gunzTarPerm extractEntry package.json
110 silly gunzTarPerm extractEntry .npmignore
111 silly gunzTarPerm extractEntry README.md
112 silly gunzTarPerm extractEntry LICENSE
113 silly gunzTarPerm extractEntry .travis.yml
114 silly gunzTarPerm extractEntry .github/CONTRIBUTING.md
115 silly gunzTarPerm extractEntry .github/ISSUE_TEMPLATE.md
116 silly gunzTarPerm extractEntry demo/.npmignore
117 silly gunzTarPerm extractEntry demo/Entitlements.plist
118 silly gunzTarPerm extractEntry demo/Info.plist
119 silly gunzTarPerm extractEntry demo/Makefile
120 silly gunzTarPerm extractEntry demo/ResourceRules.plist
121 silly gunzTarPerm extractEntry demo/demo.c
122 silly gunzTarPerm extractEntry ios-deploy.xcodeproj/project.pbxproj
123 silly gunzTarPerm extractEntry ios-deploy.xcodeproj/xcshareddata/xcschemes/ios-deploy-tests.xcscheme
124 silly gunzTarPerm extractEntry src/ios-deploy/MobileDevice.h
125 silly gunzTarPerm extractEntry src/ios-deploy/device_db.h
126 silly gunzTarPerm extractEntry src/ios-deploy/errors.h
127 silly gunzTarPerm extractEntry src/ios-deploy/ios-deploy.m
128 silly gunzTarPerm extractEntry src/ios-deploy/version.h
129 silly gunzTarPerm extractEntry src/ios-deploy-lib/libios_deploy.h
130 silly gunzTarPerm extractEntry src/ios-deploy-lib/libios_deploy.m
131 silly gunzTarPerm extractEntry src/ios-deploy-tests/Info.plist
132 silly gunzTarPerm extractEntry src/ios-deploy-tests/ios_deploy_tests.m
133 silly gunzTarPerm extractEntry src/scripts/check_reqs.js
134 silly gunzTarPerm extractEntry src/scripts/lldb.py
135 silly gentlyRm /usr/local/lib/node_modules/.staging/ios-deploy-298c9491/node_modules is being purged
136 verbose gentlyRm don't care about contents; nuking /usr/local/lib/node_modules/.staging/ios-deploy-298c9491/node_modules
137 silly doParallel preinstall 1
138 silly preinstall ios-deploy@1.9.1
139 info lifecycle ios-deploy@1.9.1~preinstall: ios-deploy@1.9.1
140 verbose lifecycle ios-deploy@1.9.1~preinstall: unsafe-perm in lifecycle true
141 verbose lifecycle ios-deploy@1.9.1~preinstall: PATH: /usr/local/lib/node_modules/npm/bin/node-gyp-bin:/usr/local/lib/node_modules/.staging/ios-deploy-298c9491/node_modules/.bin:/usr/local/lib/node_modules/.bin:/usr/local/bin:/usr/bin:/bin:/usr/sbin:/sbin:/usr/local/bin
142 verbose lifecycle ios-deploy@1.9.1~preinstall: CWD: /usr/local/lib/node_modules/.staging/ios-deploy-298c9491
143 silly lifecycle ios-deploy@1.9.1~preinstall: Args: [ '-c', './src/scripts/check_reqs.js && xcodebuild' ]
144 silly lifecycle ios-deploy@1.9.1~preinstall: Returned: code: 1  signal: null
145 info lifecycle ios-deploy@1.9.1~preinstall: Failed to exec preinstall script
146 verbose unlock done using /Users/Pharz/.npm/_locks/staging-3a08f0df5026584d.lock for /usr/local/lib/node_modules/.staging
147 silly rollbackFailedOptional Starting
148 silly rollbackFailedOptional Finishing
149 silly runTopLevelLifecycles Finishing
150 silly install printInstalled
151 verbose stack Error: ios-deploy@1.9.1 preinstall: `./src/scripts/check_reqs.js && xcodebuild`
151 verbose stack Exit status 1
151 verbose stack     at EventEmitter.<anonymous> (/usr/local/lib/node_modules/npm/lib/utils/lifecycle.js:279:16)
151 verbose stack     at emitTwo (events.js:106:13)
151 verbose stack     at EventEmitter.emit (events.js:191:7)
151 verbose stack     at ChildProcess.<anonymous> (/usr/local/lib/node_modules/npm/lib/utils/spawn.js:40:14)
151 verbose stack     at emitTwo (events.js:106:13)
151 verbose stack     at ChildProcess.emit (events.js:191:7)
151 verbose stack     at maybeClose (internal/child_process.js:885:16)
151 verbose stack     at Process.ChildProcess._handle.onexit (internal/child_process.js:226:5)
152 verbose pkgid ios-deploy@1.9.1
153 verbose cwd /usr/local/var/www/intern_logbook/ionic/myapp
154 error Darwin 16.4.0
155 error argv "/usr/local/Cellar/node/7.4.0/bin/node" "/usr/local/bin/npm" "install" "-g" "ios-deploy"
156 error node v7.4.0
157 error npm  v4.0.5
158 error code ELIFECYCLE
159 error ios-deploy@1.9.1 preinstall: `./src/scripts/check_reqs.js && xcodebuild`
159 error Exit status 1
160 error Failed at the ios-deploy@1.9.1 preinstall script './src/scripts/check_reqs.js && xcodebuild'.
160 error Make sure you have the latest version of node.js and npm installed.
160 error If you do, this is most likely a problem with the ios-deploy package,
160 error not with npm itself.
160 error Tell the author that this fails on your system:
160 error     ./src/scripts/check_reqs.js && xcodebuild
160 error You can get information on how to open an issue for this project with:
160 error     npm bugs ios-deploy
160 error Or if that isn't available, you can get their info via:
160 error     npm owner ls ios-deploy
160 error There is likely additional logging output above.
161 verbose exit [ 1, true ]
